<?xml version="1.0" encoding="UTF-8"?>
<!-- Generated by org.testng.reporters.JUnitReportReporter -->
<testsuite skipped="0" hostname="SNFCAML-X0FJG3Q" name="tests.SimpleLoginTest" tests="2" failures="0" timestamp="21 Jul 2020 20:30:43 GMT" time="6.371" errors="0">
  <testcase name="generatePiToken" time="3.861" classname="tests.SimpleLoginTest"/>
  <testcase name="piLogin" time="2.510" classname="tests.SimpleLoginTest"/>
</testsuite> <!-- tests.SimpleLoginTest -->
