<?xml version="1.0" encoding="UTF-8"?>
<!-- Generated by org.testng.reporters.JUnitReportReporter -->
<testsuite skipped="0" hostname="SNFCAML-X0FJG3Q" name="tests.SampleDemoAPICollection" tests="7" failures="0" timestamp="28 Jul 2020 20:29:05 GMT" time="7.348" errors="0">
  <testcase name="getLearnerSubmission" time="0.546" classname="tests.SampleDemoAPICollection"/>
  <testcase name="modifySubmission" time="0.564" classname="tests.SampleDemoAPICollection"/>
  <testcase name="getTaskList" time="1.634" classname="tests.SampleDemoAPICollection"/>
  <testcase name="deleteSubmission" time="0.530" classname="tests.SampleDemoAPICollection"/>
  <testcase name="sample_piLogin" time="2.663" classname="tests.SampleDemoAPICollection"/>
  <testcase name="checkUpdatedProjectSubmission" time="0.537" classname="tests.SampleDemoAPICollection"/>
  <testcase name="getCourseId" time="0.874" classname="tests.SampleDemoAPICollection"/>
</testsuite> <!-- tests.SampleDemoAPICollection -->
